<?xml version="1.0" encoding="UTF-8"?>
<!-- Generated by org.testng.reporters.JUnitReportReporter -->
<testsuite hostname="DESKTOP-MNCSD79" failures="0" tests="1" name="testCases.TC001_ProductSearch" time="0.499" errors="0" timestamp="2024-10-25T19:04:35 IST" skipped="0">
  <testcase classname="testCases.TC001_ProductSearch" name="verify_ProductSearch" time="0.499"/>
</testsuite> <!-- testCases.TC001_ProductSearch -->
