<?xml version="1.0" encoding="UTF-8"?>
<!-- Generated by org.testng.reporters.JUnitReportReporter -->
<testsuite hostname="DESKTOP-MNCSD79" failures="0" tests="1" name="testCases.TC002_AddToCart" time="2.160" errors="0" timestamp="2024-10-25T19:04:35 IST" skipped="0">
  <testcase classname="testCases.TC002_AddToCart" name="verify_AddToCart" time="2.160"/>
</testsuite> <!-- testCases.TC002_AddToCart -->
