<?xml version="1.0" encoding="UTF-8"?>
<!-- Generated by org.testng.reporters.JUnitReportReporter -->
<testsuite hostname="DESKTOP-MNCSD79" failures="0" tests="1" name="testCases.TC003_ProtractorApplicationTest" time="7.003" errors="0" timestamp="2024-10-26T15:42:08 IST" skipped="0">
  <testcase classname="testCases.TC003_ProtractorApplicationTest" name="verify_PracticeForm" time="7.003"/>
</testsuite> <!-- testCases.TC003_ProtractorApplicationTest -->
